============================= test session starts ==============================
platform linux -- Python 3.11.15, pytest-8.4.2, pluggy-1.6.0 -- /home/user/Thaivia/.venv/bin/python
cachedir: .pytest_cache
rootdir: /home/user/Thaivia
configfile: pytest.ini
testpaths: tests
collecting ... collected 67 items

tests/test_cli_smoke.py::test_doctor_exits_zero_when_environment_is_healthy PASSED [  1%]
tests/test_cli_smoke.py::test_doctor_probe_network_flag_is_accepted PASSED [  2%]
tests/test_cli_smoke.py::test_acquire_with_no_source_flag_is_usage_error_never_fake_success PASSED [  4%]
tests/test_cli_smoke.py::test_acquire_from_local_file_missing_path_is_general_error PASSED [  5%]
tests/test_cli_smoke.py::test_build_with_no_acquired_source_is_general_error_never_fake_success PASSED [  7%]
tests/test_cli_smoke.py::test_audit_with_no_pack_leaves_placeholder_and_is_honest PASSED [  8%]
tests/test_cli_smoke.py::test_verify_requires_pack_argument PASSED       [ 10%]
tests/test_cli_smoke.py::test_verify_with_missing_pack_file_is_general_error PASSED [ 11%]
tests/test_cli_smoke.py::test_no_command_is_usage_error PASSED           [ 13%]
tests/test_cli_smoke.py::test_unknown_command_is_usage_error PASSED      [ 14%]
tests/test_config_schemas.py::test_config_validates_against_schema[pilot-area.json-pilot-area.schema.json] PASSED [ 16%]
tests/test_config_schemas.py::test_config_validates_against_schema[sources.json-sources.schema.json] PASSED [ 17%]
tests/test_config_schemas.py::test_pilot_area_matches_spec_defaults PASSED [ 19%]
tests/test_config_schemas.py::test_pilot_area_bbox_is_lon_lat_order_not_swapped PASSED [ 20%]
tests/test_config_schemas.py::test_acquire_budget_requires_human_approval_below_country_scale PASSED [ 22%]
tests/test_config_schemas.py::test_sources_lists_no_prohibited_source_as_allowed PASSED [ 23%]
tests/test_pipeline_assumptions.py::test_source_tags_is_a_structurally_distinct_type_from_assumption PASSED [ 25%]
tests/test_pipeline_assumptions.py::test_height_missing_produces_visual_assumption_not_a_source_fact PASSED [ 26%]
tests/test_pipeline_assumptions.py::test_height_present_produces_no_assumption_at_all PASSED [ 28%]
tests/test_pipeline_assumptions.py::test_road_missing_maxspeed_produces_simulation_assumption PASSED [ 29%]
tests/test_pipeline_assumptions.py::test_no_assumption_field_name_ever_appears_as_a_source_tags_key_in_a_baked_pack PASSED [ 31%]
tests/test_pipeline_assumptions.py::test_unknown_building_height_survives_as_unknown_to_the_baked_pack PASSED [ 32%]
tests/test_pipeline_assumptions.py::test_no_vacant_land_feature_type_exists_anywhere_in_the_schema PASSED [ 34%]
tests/test_pipeline_boundary.py::test_classify_point_interior_buffer_outside PASSED [ 35%]
tests/test_pipeline_boundary.py::test_road_fully_inside_aoi_gets_no_gateway PASSED [ 37%]
tests/test_pipeline_boundary.py::test_road_leaving_the_aoi_gets_a_bounded_gateway_not_a_dead_end PASSED [ 38%]
tests/test_pipeline_degenerate.py::test_hostile_fixture_bakes_without_crashing PASSED [ 40%]
tests/test_pipeline_degenerate.py::test_dangling_reference_is_reported PASSED [ 41%]
tests/test_pipeline_degenerate.py::test_self_intersecting_ring_is_reported_as_topology_conflict PASSED [ 43%]
tests/test_pipeline_degenerate.py::test_zero_length_way_is_dropped_and_reported PASSED [ 44%]
tests/test_pipeline_degenerate.py::test_duplicate_consecutive_node_ids_are_reported PASSED [ 46%]
tests/test_pipeline_degenerate.py::test_quality_report_counts_are_internally_consistent PASSED [ 47%]
tests/test_pipeline_end_to_end.py::test_full_pipeline_end_to_end_via_cli_in_a_tmp_dir PASSED [ 49%]
tests/test_pipeline_end_to_end.py::test_end_to_end_acquire_from_url_fails_honestly_without_retry_around_the_block PASSED [ 50%]
tests/test_pipeline_features.py::test_hole_is_preserved_not_dropped PASSED [ 52%]
tests/test_pipeline_features.py::test_multipart_multipolygon_is_one_feature_with_two_ring_groups_not_two_buildings PASSED [ 53%]
tests/test_pipeline_features.py::test_way_consumed_by_a_relation_is_never_also_imported_standalone PASSED [ 55%]
tests/test_pipeline_features.py::test_incomplete_relation_is_reported_not_silently_dropped PASSED [ 56%]
tests/test_pipeline_features.py::test_duplicate_poi_building_association_is_reported_both_retained PASSED [ 58%]
tests/test_pipeline_graph.py::test_only_the_genuinely_shared_node_is_a_junction PASSED [ 59%]
tests/test_pipeline_graph.py::test_bridge_edge_carries_semantic_layer_not_a_shared_node PASSED [ 61%]
tests/test_pipeline_graph.py::test_shared_node_ways_do_connect PASSED    [ 62%]
tests/test_pipeline_graph.py::test_oneway_minus_one_survives_as_reversed PASSED [ 64%]
tests/test_pipeline_graph.py::test_roundabout_implies_oneway_forward PASSED [ 65%]
tests/test_pipeline_graph.py::test_supported_turn_restriction_survives_with_semantics PASSED [ 67%]
tests/test_pipeline_graph.py::test_unsupported_via_way_restriction_lands_in_report_not_dropped PASSED [ 68%]
tests/test_pipeline_graph.py::test_crossing_in_plan_view_is_never_decided_by_shapely PASSED [ 70%]
tests/test_pipeline_mappack_determinism.py::test_same_source_and_settings_bake_to_identical_hash PASSED [ 71%]
tests/test_pipeline_mappack_determinism.py::test_changed_settings_change_the_hash PASSED [ 73%]
tests/test_pipeline_mappack_determinism.py::test_hash_covers_payload_only_not_volatile_fields PASSED [ 74%]
tests/test_pipeline_mappack_determinism.py::test_different_source_bytes_change_the_hash PASSED [ 76%]
tests/test_pipeline_projection.py::test_utm_zone_for_bangkok_is_47 PASSED [ 77%]
tests/test_pipeline_projection.py::test_pilot_crs_validates_cleanly_for_the_pilot_bbox PASSED [ 79%]
tests/test_pipeline_projection.py::test_wrong_utm_zone_for_an_aoi_produces_a_warning_not_a_silent_fix PASSED [ 80%]
tests/test_pipeline_projection.py::test_wrong_zone_entirely_is_flagged PASSED [ 82%]
tests/test_pipeline_projection.py::test_roundtrip_lonlat_local_lonlat_is_within_micrometres_before_quantization PASSED [ 83%]
tests/test_pipeline_projection.py::test_roundtrip_error_after_1cm_quantization_is_measured_and_within_budget PASSED [ 85%]
tests/test_pipeline_projection.py::test_no_axis_swap_east_and_north_move_independently PASSED [ 86%]
tests/test_pipeline_projection.py::test_no_forced_snapping_arbitrary_coordinates_stay_arbitrary PASSED [ 88%]
tests/test_pipeline_sourcelock.py::test_versioned_lock_filename_differs_when_settings_hash_differs PASSED [ 89%]
tests/test_pipeline_sourcelock.py::test_write_source_lock_never_overwrites_an_existing_versioned_lock PASSED [ 91%]
tests/test_pipeline_sourcelock.py::test_write_source_lock_is_idempotent_for_identical_content PASSED [ 92%]
tests/test_pipeline_sourcelock.py::test_source_bytes_filename_keeps_a_real_extension_for_osmium PASSED [ 94%]
tests/test_synthetic_fixtures.py::test_synthetic_fixtures_directory_is_not_empty PASSED [ 95%]
tests/test_synthetic_fixtures.py::test_every_json_fixture_declares_synthetic_true PASSED [ 97%]
tests/test_synthetic_fixtures.py::test_every_xml_fixture_has_synthetic_header_comment PASSED [ 98%]
tests/test_synthetic_fixtures.py::test_no_fixture_claims_real_osm_provenance PASSED [100%]

============================== 67 passed in 3.64s ==============================
EXIT=0
